{"D:/FrontEnd/RSSchool/React/React_2024_Q3/React2024Q3/src/hooks/useLocalStorage.tsx": {"path":"D:/FrontEnd/RSSchool/React/React_2024_Q3/React2024Q3/src/hooks/useLocalStorage.tsx","statementMap":{"0":{"start":{"line":3,"column":31},"end":{"line":28,"column":null}},"1":{"start":{"line":4,"column":40},"end":{"line":12,"column":null}},"2":{"start":{"line":5,"column":4},"end":{"line":11,"column":null}},"3":{"start":{"line":6,"column":19},"end":{"line":6,"column":null}},"4":{"start":{"line":7,"column":6},"end":{"line":7,"column":null}},"5":{"start":{"line":9,"column":6},"end":{"line":9,"column":null}},"6":{"start":{"line":10,"column":6},"end":{"line":10,"column":null}},"7":{"start":{"line":14,"column":19},"end":{"line":21,"column":null}},"8":{"start":{"line":15,"column":4},"end":{"line":20,"column":null}},"9":{"start":{"line":16,"column":6},"end":{"line":16,"column":null}},"10":{"start":{"line":17,"column":6},"end":{"line":17,"column":null}},"11":{"start":{"line":19,"column":6},"end":{"line":19,"column":null}},"12":{"start":{"line":23,"column":2},"end":{"line":25,"column":null}},"13":{"start":{"line":24,"column":4},"end":{"line":24,"column":null}},"14":{"start":{"line":27,"column":2},"end":{"line":27,"column":null}}},"fnMap":{"0":{"name":"(anonymous_0)","decl":{"start":{"line":3,"column":31},"end":{"line":3,"column":32}},"loc":{"start":{"line":3,"column":70},"end":{"line":28,"column":null}}},"1":{"name":"(anonymous_1)","decl":{"start":{"line":4,"column":49},"end":{"line":4,"column":55}},"loc":{"start":{"line":4,"column":55},"end":{"line":12,"column":3}}},"2":{"name":"(anonymous_2)","decl":{"start":{"line":14,"column":19},"end":{"line":14,"column":20}},"loc":{"start":{"line":14,"column":38},"end":{"line":21,"column":null}}},"3":{"name":"(anonymous_3)","decl":{"start":{"line":23,"column":12},"end":{"line":23,"column":18}},"loc":{"start":{"line":23,"column":18},"end":{"line":25,"column":5}}}},"branchMap":{"0":{"loc":{"start":{"line":7,"column":13},"end":{"line":7,"column":null}},"type":"cond-expr","locations":[{"start":{"line":7,"column":20},"end":{"line":7,"column":39}},{"start":{"line":7,"column":39},"end":{"line":7,"column":null}}]}},"s":{"0":1,"1":3,"2":1,"3":1,"4":1,"5":0,"6":0,"7":3,"8":3,"9":3,"10":3,"11":0,"12":3,"13":2,"14":3},"f":{"0":3,"1":1,"2":3,"3":2},"b":{"0":[0,1]}}
}
