{"D:/FrontEnd/RSSchool/React/React_2024_Q3/React2024Q3/src/App.tsx": {"path":"D:/FrontEnd/RSSchool/React/React_2024_Q3/React2024Q3/src/App.tsx","statementMap":{"0":{"start":{"line":11,"column":15},"end":{"line":21,"column":null}},"1":{"start":{"line":23,"column":2},"end":{"line":28,"column":null}}},"fnMap":{"0":{"name":"App","decl":{"start":{"line":22,"column":9},"end":{"line":22,"column":15}},"loc":{"start":{"line":22,"column":15},"end":{"line":30,"column":null}}}},"branchMap":{},"s":{"0":1,"1":3},"f":{"0":3},"b":{}}
,"D:/FrontEnd/RSSchool/React/React_2024_Q3/React2024Q3/src/main.tsx": {"path":"D:/FrontEnd/RSSchool/React/React_2024_Q3/React2024Q3/src/main.tsx","statementMap":{"0":{"start":{"line":9,"column":0},"end":{"line":13,"column":null}}},"fnMap":{},"branchMap":{},"s":{"0":0},"f":{},"b":{}}
,"D:/FrontEnd/RSSchool/React/React_2024_Q3/React2024Q3/src/components/Button/Button.tsx": {"path":"D:/FrontEnd/RSSchool/React/React_2024_Q3/React2024Q3/src/components/Button/Button.tsx","statementMap":{"0":{"start":{"line":11,"column":23},"end":{"line":11,"column":null}},"1":{"start":{"line":19,"column":14},"end":{"line":19,"column":null}},"2":{"start":{"line":21,"column":2},"end":{"line":21,"column":null}}},"fnMap":{"0":{"name":"Button","decl":{"start":{"line":13,"column":24},"end":{"line":13,"column":78}},"loc":{"start":{"line":18,"column":19},"end":{"line":22,"column":null}}}},"branchMap":{"0":{"loc":{"start":{"line":19,"column":14},"end":{"line":19,"column":null}},"type":"binary-expr","locations":[{"start":{"line":19,"column":14},"end":{"line":19,"column":20}},{"start":{"line":19,"column":20},"end":{"line":19,"column":null}}]}},"s":{"0":2,"1":24,"2":24},"f":{"0":24},"b":{"0":[24,24]}}
,"D:/FrontEnd/RSSchool/React/React_2024_Q3/React2024Q3/src/components/Card/Card.tsx": {"path":"D:/FrontEnd/RSSchool/React/React_2024_Q3/React2024Q3/src/components/Card/Card.tsx","statementMap":{"0":{"start":{"line":9,"column":34},"end":{"line":23,"column":null}},"1":{"start":{"line":10,"column":2},"end":{"line":12,"column":null}},"2":{"start":{"line":11,"column":4},"end":{"line":11,"column":null}},"3":{"start":{"line":14,"column":2},"end":{"line":21,"column":null}}},"fnMap":{"0":{"name":"(anonymous_0)","decl":{"start":{"line":9,"column":34},"end":{"line":9,"column":35}},"loc":{"start":{"line":9,"column":53},"end":{"line":23,"column":null}}}},"branchMap":{"0":{"loc":{"start":{"line":10,"column":2},"end":{"line":12,"column":null}},"type":"if","locations":[{"start":{"line":10,"column":2},"end":{"line":12,"column":null}},{"start":{},"end":{}}]}},"s":{"0":1,"1":0,"2":0,"3":0},"f":{"0":0},"b":{"0":[0,0]}}
,"D:/FrontEnd/RSSchool/React/React_2024_Q3/React2024Q3/src/components/DataDisplay/DataDisplay.tsx": {"path":"D:/FrontEnd/RSSchool/React/React_2024_Q3/React2024Q3/src/components/DataDisplay/DataDisplay.tsx","statementMap":{"0":{"start":{"line":8,"column":48},"end":{"line":53,"column":null}},"1":{"start":{"line":9,"column":40},"end":{"line":9,"column":null}},"2":{"start":{"line":11,"column":29},"end":{"line":13,"column":null}},"3":{"start":{"line":12,"column":4},"end":{"line":12,"column":null}},"4":{"start":{"line":15,"column":2},"end":{"line":51,"column":null}},"5":{"start":{"line":23,"column":14},"end":{"line":45,"column":null}}},"fnMap":{"0":{"name":"(anonymous_0)","decl":{"start":{"line":8,"column":48},"end":{"line":8,"column":49}},"loc":{"start":{"line":8,"column":68},"end":{"line":53,"column":null}}},"1":{"name":"(anonymous_1)","decl":{"start":{"line":11,"column":47},"end":{"line":11,"column":null}},"loc":{"start":{"line":12,"column":4},"end":{"line":12,"column":null}}},"2":{"name":"(anonymous_2)","decl":{"start":{"line":22,"column":36},"end":{"line":22,"column":null}},"loc":{"start":{"line":23,"column":14},"end":{"line":45,"column":null}}}},"branchMap":{"0":{"loc":{"start":{"line":17,"column":7},"end":{"line":49,"column":null}},"type":"cond-expr","locations":[{"start":{"line":18,"column":8},"end":{"line":18,"column":null}},{"start":{"line":20,"column":8},"end":{"line":49,"column":null}}]}},"s":{"0":3,"1":13,"2":13,"3":0,"4":13,"5":0},"f":{"0":13,"1":0,"2":0},"b":{"0":[13,0]}}
,"D:/FrontEnd/RSSchool/React/React_2024_Q3/React2024Q3/src/components/ErrorBoundary/Error.tsx": {"path":"D:/FrontEnd/RSSchool/React/React_2024_Q3/React2024Q3/src/components/ErrorBoundary/Error.tsx","statementMap":{"0":{"start":{"line":5,"column":4},"end":{"line":5,"column":null}},"1":{"start":{"line":6,"column":4},"end":{"line":6,"column":null}},"2":{"start":{"line":10,"column":4},"end":{"line":10,"column":null}}},"fnMap":{"0":{"name":"(anonymous_0)","decl":{"start":{"line":4,"column":2},"end":{"line":4,"column":12}},"loc":{"start":{"line":4,"column":12},"end":{"line":7,"column":null}}},"1":{"name":"(anonymous_1)","decl":{"start":{"line":9,"column":2},"end":{"line":9,"column":11}},"loc":{"start":{"line":9,"column":11},"end":{"line":11,"column":null}}}},"branchMap":{},"s":{"0":4,"1":0,"2":4},"f":{"0":4,"1":4},"b":{}}
,"D:/FrontEnd/RSSchool/React/React_2024_Q3/React2024Q3/src/components/ErrorBoundary/ErrorBoundary.tsx": {"path":"D:/FrontEnd/RSSchool/React/React_2024_Q3/React2024Q3/src/components/ErrorBoundary/ErrorBoundary.tsx","statementMap":{"0":{"start":{"line":11,"column":7},"end":{"line":11,"column":13}},"1":{"start":{"line":12,"column":2},"end":{"line":14,"column":null}},"2":{"start":{"line":17,"column":4},"end":{"line":17,"column":null}},"3":{"start":{"line":21,"column":4},"end":{"line":21,"column":null}},"4":{"start":{"line":25,"column":4},"end":{"line":38,"column":null}},"5":{"start":{"line":26,"column":6},"end":{"line":36,"column":null}},"6":{"start":{"line":31,"column":14},"end":{"line":31,"column":null}},"7":{"start":{"line":40,"column":4},"end":{"line":40,"column":null}}},"fnMap":{"0":{"name":"(anonymous_0)","decl":{"start":{"line":11,"column":7},"end":{"line":11,"column":13}},"loc":{"start":{"line":11,"column":7},"end":{"line":14,"column":null}}},"1":{"name":"(anonymous_1)","decl":{"start":{"line":16,"column":2},"end":{"line":16,"column":16}},"loc":{"start":{"line":16,"column":50},"end":{"line":18,"column":null}}},"2":{"name":"(anonymous_2)","decl":{"start":{"line":20,"column":9},"end":{"line":20,"column":27}},"loc":{"start":{"line":20,"column":63},"end":{"line":22,"column":null}}},"3":{"name":"(anonymous_3)","decl":{"start":{"line":24,"column":9},"end":{"line":24,"column":18}},"loc":{"start":{"line":24,"column":18},"end":{"line":41,"column":null}}},"4":{"name":"(anonymous_4)","decl":{"start":{"line":30,"column":21},"end":{"line":30,"column":27}},"loc":{"start":{"line":30,"column":27},"end":{"line":32,"column":null}}}},"branchMap":{"0":{"loc":{"start":{"line":25,"column":4},"end":{"line":38,"column":null}},"type":"if","locations":[{"start":{"line":25,"column":4},"end":{"line":38,"column":null}},{"start":{},"end":{}}]}},"s":{"0":10,"1":9,"2":2,"3":1,"4":14,"5":2,"6":0,"7":12},"f":{"0":10,"1":2,"2":1,"3":14,"4":0},"b":{"0":[2,12]}}
,"D:/FrontEnd/RSSchool/React/React_2024_Q3/React2024Q3/src/components/ErrorPage/ErrorPage.tsx": {"path":"D:/FrontEnd/RSSchool/React/React_2024_Q3/React2024Q3/src/components/ErrorPage/ErrorPage.tsx","statementMap":{"0":{"start":{"line":7,"column":44},"end":{"line":28,"column":null}},"1":{"start":{"line":8,"column":2},"end":{"line":27,"column":null}},"2":{"start":{"line":9,"column":4},"end":{"line":9,"column":null}},"3":{"start":{"line":10,"column":4},"end":{"line":17,"column":null}},"4":{"start":{"line":20,"column":4},"end":{"line":20,"column":null}},"5":{"start":{"line":21,"column":4},"end":{"line":25,"column":null}}},"fnMap":{"0":{"name":"(anonymous_0)","decl":{"start":{"line":7,"column":44},"end":{"line":7,"column":45}},"loc":{"start":{"line":7,"column":59},"end":{"line":28,"column":null}}}},"branchMap":{"0":{"loc":{"start":{"line":8,"column":2},"end":{"line":27,"column":null}},"type":"if","locations":[{"start":{"line":8,"column":2},"end":{"line":27,"column":null}},{"start":{"line":19,"column":9},"end":{"line":27,"column":null}}]}},"s":{"0":1,"1":0,"2":0,"3":0,"4":0,"5":0},"f":{"0":0},"b":{"0":[0,0]}}
,"D:/FrontEnd/RSSchool/React/React_2024_Q3/React2024Q3/src/components/ErrorPage/ErrorPageWrapper.tsx": {"path":"D:/FrontEnd/RSSchool/React/React_2024_Q3/React2024Q3/src/components/ErrorPage/ErrorPageWrapper.tsx","statementMap":{"0":{"start":{"line":9,"column":58},"end":{"line":11,"column":null}},"1":{"start":{"line":10,"column":2},"end":{"line":10,"column":null}}},"fnMap":{"0":{"name":"(anonymous_0)","decl":{"start":{"line":9,"column":58},"end":{"line":9,"column":59}},"loc":{"start":{"line":9,"column":78},"end":{"line":11,"column":null}}}},"branchMap":{},"s":{"0":0,"1":0},"f":{"0":0},"b":{}}
,"D:/FrontEnd/RSSchool/React/React_2024_Q3/React2024Q3/src/components/Input/Input.tsx": {"path":"D:/FrontEnd/RSSchool/React/React_2024_Q3/React2024Q3/src/components/Input/Input.tsx","statementMap":{"0":{"start":{"line":9,"column":14},"end":{"line":21,"column":null}},"1":{"start":{"line":10,"column":2},"end":{"line":19,"column":null}}},"fnMap":{"0":{"name":"(anonymous_0)","decl":{"start":{"line":9,"column":14},"end":{"line":9,"column":15}},"loc":{"start":{"line":9,"column":32},"end":{"line":21,"column":null}}}},"branchMap":{"0":{"loc":{"start":{"line":12,"column":7},"end":{"line":16,"column":null}},"type":"binary-expr","locations":[{"start":{"line":12,"column":7},"end":{"line":12,"column":null}},{"start":{"line":13,"column":8},"end":{"line":16,"column":null}}]}},"s":{"0":2,"1":12},"f":{"0":12},"b":{"0":[12,12]}}
,"D:/FrontEnd/RSSchool/React/React_2024_Q3/React2024Q3/src/components/Page/Footer/Footer.tsx": {"path":"D:/FrontEnd/RSSchool/React/React_2024_Q3/React2024Q3/src/components/Page/Footer/Footer.tsx","statementMap":{"0":{"start":{"line":1,"column":15},"end":{"line":9,"column":null}},"1":{"start":{"line":2,"column":2},"end":{"line":7,"column":null}}},"fnMap":{"0":{"name":"(anonymous_0)","decl":{"start":{"line":1,"column":15},"end":{"line":1,"column":21}},"loc":{"start":{"line":1,"column":21},"end":{"line":9,"column":null}}}},"branchMap":{},"s":{"0":1,"1":6},"f":{"0":6},"b":{}}
,"D:/FrontEnd/RSSchool/React/React_2024_Q3/React2024Q3/src/components/Page/Header/Header.tsx": {"path":"D:/FrontEnd/RSSchool/React/React_2024_Q3/React2024Q3/src/components/Page/Header/Header.tsx","statementMap":{"0":{"start":{"line":8,"column":38},"end":{"line":14,"column":null}},"1":{"start":{"line":9,"column":2},"end":{"line":12,"column":null}}},"fnMap":{"0":{"name":"(anonymous_0)","decl":{"start":{"line":8,"column":38},"end":{"line":8,"column":39}},"loc":{"start":{"line":8,"column":53},"end":{"line":14,"column":null}}}},"branchMap":{},"s":{"0":2,"1":18},"f":{"0":18},"b":{}}
,"D:/FrontEnd/RSSchool/React/React_2024_Q3/React2024Q3/src/components/Page/Main/Main.tsx": {"path":"D:/FrontEnd/RSSchool/React/React_2024_Q3/React2024Q3/src/components/Page/Main/Main.tsx","statementMap":{"0":{"start":{"line":3,"column":13},"end":{"line":9,"column":null}},"1":{"start":{"line":4,"column":2},"end":{"line":7,"column":null}}},"fnMap":{"0":{"name":"(anonymous_0)","decl":{"start":{"line":3,"column":13},"end":{"line":3,"column":19}},"loc":{"start":{"line":3,"column":19},"end":{"line":9,"column":null}}}},"branchMap":{},"s":{"0":0,"1":0},"f":{"0":0},"b":{}}
,"D:/FrontEnd/RSSchool/React/React_2024_Q3/React2024Q3/src/components/SearchFilter/SearchFilter.tsx": {"path":"D:/FrontEnd/RSSchool/React/React_2024_Q3/React2024Q3/src/components/SearchFilter/SearchFilter.tsx","statementMap":{"0":{"start":{"line":12,"column":50},"end":{"line":54,"column":null}},"1":{"start":{"line":16,"column":34},"end":{"line":16,"column":null}},"2":{"start":{"line":18,"column":2},"end":{"line":22,"column":null}},"3":{"start":{"line":19,"column":4},"end":{"line":21,"column":null}},"4":{"start":{"line":20,"column":6},"end":{"line":20,"column":null}},"5":{"start":{"line":24,"column":29},"end":{"line":26,"column":null}},"6":{"start":{"line":25,"column":4},"end":{"line":25,"column":null}},"7":{"start":{"line":28,"column":23},"end":{"line":30,"column":null}},"8":{"start":{"line":29,"column":4},"end":{"line":29,"column":null}},"9":{"start":{"line":32,"column":25},"end":{"line":36,"column":null}},"10":{"start":{"line":33,"column":4},"end":{"line":35,"column":null}},"11":{"start":{"line":34,"column":6},"end":{"line":34,"column":null}},"12":{"start":{"line":38,"column":2},"end":{"line":52,"column":null}}},"fnMap":{"0":{"name":"(anonymous_0)","decl":{"start":{"line":12,"column":50},"end":{"line":12,"column":51}},"loc":{"start":{"line":15,"column":6},"end":{"line":54,"column":null}}},"1":{"name":"(anonymous_1)","decl":{"start":{"line":18,"column":12},"end":{"line":18,"column":18}},"loc":{"start":{"line":18,"column":18},"end":{"line":22,"column":5}}},"2":{"name":"(anonymous_2)","decl":{"start":{"line":24,"column":29},"end":{"line":24,"column":30}},"loc":{"start":{"line":24,"column":71},"end":{"line":26,"column":null}}},"3":{"name":"(anonymous_3)","decl":{"start":{"line":28,"column":23},"end":{"line":28,"column":29}},"loc":{"start":{"line":28,"column":29},"end":{"line":30,"column":null}}},"4":{"name":"(anonymous_4)","decl":{"start":{"line":32,"column":25},"end":{"line":32,"column":26}},"loc":{"start":{"line":32,"column":69},"end":{"line":36,"column":null}}}},"branchMap":{"0":{"loc":{"start":{"line":19,"column":4},"end":{"line":21,"column":null}},"type":"if","locations":[{"start":{"line":19,"column":4},"end":{"line":21,"column":null}},{"start":{},"end":{}}]},"1":{"loc":{"start":{"line":33,"column":4},"end":{"line":35,"column":null}},"type":"if","locations":[{"start":{"line":33,"column":4},"end":{"line":35,"column":null}},{"start":{},"end":{}}]}},"s":{"0":2,"1":13,"2":13,"3":9,"4":0,"5":13,"6":1,"7":13,"8":0,"9":13,"10":0,"11":0,"12":13},"f":{"0":13,"1":9,"2":1,"3":0,"4":0},"b":{"0":[0,9],"1":[0,0]}}
,"D:/FrontEnd/RSSchool/React/React_2024_Q3/React2024Q3/src/hooks/useLocalStorage.tsx": {"path":"D:/FrontEnd/RSSchool/React/React_2024_Q3/React2024Q3/src/hooks/useLocalStorage.tsx","statementMap":{"0":{"start":{"line":3,"column":31},"end":{"line":28,"column":null}},"1":{"start":{"line":4,"column":40},"end":{"line":12,"column":null}},"2":{"start":{"line":5,"column":4},"end":{"line":11,"column":null}},"3":{"start":{"line":6,"column":19},"end":{"line":6,"column":null}},"4":{"start":{"line":7,"column":6},"end":{"line":7,"column":null}},"5":{"start":{"line":9,"column":6},"end":{"line":9,"column":null}},"6":{"start":{"line":10,"column":6},"end":{"line":10,"column":null}},"7":{"start":{"line":14,"column":19},"end":{"line":21,"column":null}},"8":{"start":{"line":15,"column":4},"end":{"line":20,"column":null}},"9":{"start":{"line":16,"column":6},"end":{"line":16,"column":null}},"10":{"start":{"line":17,"column":6},"end":{"line":17,"column":null}},"11":{"start":{"line":19,"column":6},"end":{"line":19,"column":null}},"12":{"start":{"line":23,"column":2},"end":{"line":25,"column":null}},"13":{"start":{"line":24,"column":4},"end":{"line":24,"column":null}},"14":{"start":{"line":27,"column":2},"end":{"line":27,"column":null}}},"fnMap":{"0":{"name":"(anonymous_0)","decl":{"start":{"line":3,"column":31},"end":{"line":3,"column":32}},"loc":{"start":{"line":3,"column":70},"end":{"line":28,"column":null}}},"1":{"name":"(anonymous_1)","decl":{"start":{"line":4,"column":49},"end":{"line":4,"column":55}},"loc":{"start":{"line":4,"column":55},"end":{"line":12,"column":3}}},"2":{"name":"(anonymous_2)","decl":{"start":{"line":14,"column":19},"end":{"line":14,"column":20}},"loc":{"start":{"line":14,"column":38},"end":{"line":21,"column":null}}},"3":{"name":"(anonymous_3)","decl":{"start":{"line":23,"column":12},"end":{"line":23,"column":18}},"loc":{"start":{"line":23,"column":18},"end":{"line":25,"column":5}}}},"branchMap":{"0":{"loc":{"start":{"line":7,"column":13},"end":{"line":7,"column":null}},"type":"cond-expr","locations":[{"start":{"line":7,"column":20},"end":{"line":7,"column":39}},{"start":{"line":7,"column":39},"end":{"line":7,"column":null}}]}},"s":{"0":2,"1":13,"2":9,"3":9,"4":9,"5":0,"6":0,"7":13,"8":9,"9":9,"10":9,"11":0,"12":13,"13":9,"14":13},"f":{"0":13,"1":9,"2":9,"3":9},"b":{"0":[6,3]}}
,"D:/FrontEnd/RSSchool/React/React_2024_Q3/React2024Q3/src/services/api/api.tsx": {"path":"D:/FrontEnd/RSSchool/React/React_2024_Q3/React2024Q3/src/services/api/api.tsx","statementMap":{"0":{"start":{"line":4,"column":15},"end":{"line":29,"column":null}},"1":{"start":{"line":5,"column":32},"end":{"line":5,"column":null}},"2":{"start":{"line":6,"column":26},"end":{"line":6,"column":null}},"3":{"start":{"line":8,"column":2},"end":{"line":26,"column":null}},"4":{"start":{"line":9,"column":22},"end":{"line":23,"column":null}},"5":{"start":{"line":10,"column":6},"end":{"line":22,"column":null}},"6":{"start":{"line":11,"column":25},"end":{"line":13,"column":null}},"7":{"start":{"line":14,"column":8},"end":{"line":16,"column":null}},"8":{"start":{"line":15,"column":10},"end":{"line":15,"column":null}},"9":{"start":{"line":17,"column":21},"end":{"line":17,"column":null}},"10":{"start":{"line":18,"column":8},"end":{"line":18,"column":null}},"11":{"start":{"line":19,"column":8},"end":{"line":19,"column":null}},"12":{"start":{"line":21,"column":8},"end":{"line":21,"column":null}},"13":{"start":{"line":25,"column":4},"end":{"line":25,"column":null}},"14":{"start":{"line":28,"column":2},"end":{"line":28,"column":null}}},"fnMap":{"0":{"name":"(anonymous_0)","decl":{"start":{"line":4,"column":15},"end":{"line":4,"column":21}},"loc":{"start":{"line":4,"column":21},"end":{"line":29,"column":null}}},"1":{"name":"(anonymous_1)","decl":{"start":{"line":8,"column":12},"end":{"line":8,"column":18}},"loc":{"start":{"line":8,"column":18},"end":{"line":26,"column":5}}},"2":{"name":"(anonymous_2)","decl":{"start":{"line":9,"column":22},"end":{"line":9,"column":34}},"loc":{"start":{"line":9,"column":34},"end":{"line":23,"column":null}}}},"branchMap":{"0":{"loc":{"start":{"line":14,"column":8},"end":{"line":16,"column":null}},"type":"if","locations":[{"start":{"line":14,"column":8},"end":{"line":16,"column":null}},{"start":{},"end":{}}]}},"s":{"0":3,"1":13,"2":13,"3":13,"4":10,"5":1,"6":1,"7":1,"8":0,"9":1,"10":1,"11":1,"12":0,"13":10,"14":13},"f":{"0":13,"1":10,"2":1},"b":{"0":[0,1]}}
,"D:/FrontEnd/RSSchool/React/React_2024_Q3/React2024Q3/src/views/Home/Home.tsx": {"path":"D:/FrontEnd/RSSchool/React/React_2024_Q3/React2024Q3/src/views/Home/Home.tsx","statementMap":{"0":{"start":{"line":10,"column":23},"end":{"line":34,"column":null}},"1":{"start":{"line":11,"column":30},"end":{"line":11,"column":null}},"2":{"start":{"line":12,"column":38},"end":{"line":12,"column":null}},"3":{"start":{"line":14,"column":2},"end":{"line":32,"column":null}},"4":{"start":{"line":22,"column":14},"end":{"line":22,"column":null}}},"fnMap":{"0":{"name":"(anonymous_0)","decl":{"start":{"line":10,"column":23},"end":{"line":10,"column":29}},"loc":{"start":{"line":10,"column":29},"end":{"line":34,"column":null}}},"1":{"name":"(anonymous_1)","decl":{"start":{"line":21,"column":21},"end":{"line":21,"column":27}},"loc":{"start":{"line":21,"column":27},"end":{"line":23,"column":null}}}},"branchMap":{"0":{"loc":{"start":{"line":27,"column":11},"end":{"line":27,"column":null}},"type":"binary-expr","locations":[{"start":{"line":27,"column":11},"end":{"line":27,"column":21}},{"start":{"line":27,"column":21},"end":{"line":27,"column":null}}]}},"s":{"0":2,"1":13,"2":12,"3":12,"4":1},"f":{"0":13,"1":1},"b":{"0":[12,2]}}
}
